  app.cpp
C:\Users\Andy\source\repos\Semestralka2\structures\table\sorting\quick_sort.h(41,1): warning C4267: 'argument': conversion from 'size_t' to 'int', possible loss of data
C:\Users\Andy\source\repos\Semestralka2\structures\table\sorting\quick_sort.h(38): message : while compiling class template member function 'void structures::QuickSort<int,UzemnaJednotka *>::sort(structures::UnsortedSequenceTable<int,UzemnaJednotka *> *,Comparator<O> *)'
          with
          [
              O=UzemnaJednotka *
          ]
C:\Users\Andy\source\repos\Semestralka2\structures\table\sorting\quick_sort.h(33): message : see reference to function template instantiation 'void structures::QuickSort<int,UzemnaJednotka *>::sort(structures::UnsortedSequenceTable<int,UzemnaJednotka *> *,Comparator<O> *)' being compiled
          with
          [
              O=UzemnaJednotka *
          ]
C:\Users\Andy\source\repos\Semestralka2\structures\table\sorting\quick_sort.h(32): message : while compiling class template member function 'void structures::QuickSort<int,UzemnaJednotka *>::sort(structures::UnsortedSequenceTable<int,UzemnaJednotka *> *)'
C:\Users\Andy\source\repos\Semestralka2\Semestralka2\sorter_uj.h(8): message : see reference to class template instantiation 'structures::QuickSort<int,UzemnaJednotka *>' being compiled
C:\Users\Andy\source\repos\Semestralka2\structures\list\array_list.h(228,1): warning C4267: 'argument': conversion from 'size_t' to 'const int', possible loss of data
C:\Users\Andy\source\repos\Semestralka2\structures\list\array_list.h(222): message : while compiling class template member function 'void structures::ArrayList<structures::TableItem<K,T> *>::add(structures::TableItem<K,T> *const &)'
          with
          [
              K=int,
              T=UzemnaJednotka *
          ]
C:\Users\Andy\source\repos\Semestralka2\structures\table\unsorted_sequence_table.h(47): message : see reference to class template instantiation 'structures::ArrayList<structures::TableItem<K,T> *>' being compiled
          with
          [
              K=int,
              T=UzemnaJednotka *
          ]
C:\Users\Andy\source\repos\Semestralka2\structures\table\unsorted_sequence_table.h(46): message : while compiling class template member function 'structures::UnsortedSequenceTable<int,UzemnaJednotka *>::UnsortedSequenceTable(void)'
C:\Users\Andy\source\repos\Semestralka2\Semestralka2\filter_male_fi.h(31): message : see reference to function template instantiation 'structures::UnsortedSequenceTable<int,UzemnaJednotka *>::UnsortedSequenceTable(void)' being compiled
C:\Users\Andy\source\repos\Semestralka2\Semestralka2\filter_male_fi.h(31): message : see reference to class template instantiation 'structures::UnsortedSequenceTable<int,UzemnaJednotka *>' being compiled
C:\Users\Andy\source\repos\Semestralka2\Semestralka2\filter_male_fi.h(30): message : while compiling class template member function 'structures::UnsortedSequenceTable<int,UzemnaJednotka *> *FilterMaleFi<UzemnaJednotka *,std::wstring>::filtruj(structures::Table<int,UzemnaJednotka *> *)'
C:\Users\Andy\source\repos\Semestralka2\Semestralka2\filter_uj_nazov.h(8): message : see reference to class template instantiation 'FilterMaleFi<UzemnaJednotka *,std::wstring>' being compiled
C:\Users\Andy\source\repos\Semestralka2\structures\list\array_list.h(249,1): warning C4267: 'argument': conversion from 'size_t' to 'const int', possible loss of data
C:\Users\Andy\source\repos\Semestralka2\structures\list\array_list.h(235): message : while compiling class template member function 'void structures::ArrayList<structures::TableItem<K,T> *>::insert(structures::TableItem<K,T> *const &,const int)'
          with
          [
              K=int,
              T=UzemnaJednotka *
          ]
C:\Users\Andy\source\repos\Semestralka2\structures\list\array_list.h(262,1): warning C4267: 'argument': conversion from 'size_t' to 'const int', possible loss of data
C:\Users\Andy\source\repos\Semestralka2\structures\list\array_list.h(258): message : while compiling class template member function 'bool structures::ArrayList<structures::TableItem<K,T> *>::tryRemove(structures::TableItem<K,T> *const &)'
          with
          [
              K=int,
              T=UzemnaJednotka *
          ]
C:\Users\Andy\source\repos\Semestralka2\structures\list\array_list.h(264,1): warning C4267: 'argument': conversion from 'size_t' to 'const int', possible loss of data
C:\Users\Andy\source\repos\Semestralka2\structures\list\array_list.h(281,1): warning C4267: 'argument': conversion from 'size_t' to 'const int', possible loss of data
C:\Users\Andy\source\repos\Semestralka2\structures\list\array_list.h(274): message : while compiling class template member function 'T structures::ArrayList<T>::removeAt(const int)'
          with
          [
              T=structures::TableItem<int,UzemnaJednotka *> *
          ]
C:\Users\Andy\source\repos\Semestralka2\structures\list\array_list.h(264): message : see reference to function template instantiation 'T structures::ArrayList<T>::removeAt(const int)' being compiled
          with
          [
              T=structures::TableItem<int,UzemnaJednotka *> *
          ]
C:\Users\Andy\source\repos\Semestralka2\structures\list\array_list.h(295,1): warning C4267: 'argument': conversion from 'size_t' to 'const int', possible loss of data
C:\Users\Andy\source\repos\Semestralka2\structures\list\array_list.h(291): message : while compiling class template member function 'int structures::ArrayList<structures::TableItem<K,T> *>::getIndexOf(structures::TableItem<K,T> *const &)'
          with
          [
              K=int,
              T=UzemnaJednotka *
          ]
C:\Users\Andy\source\repos\Semestralka2\structures\list\array_list.h(297,1): warning C4267: 'return': conversion from 'size_t' to 'int', possible loss of data
C:\Users\Andy\source\repos\Semestralka2\structures\list\array_list.h(327,1): warning C4267: 'argument': conversion from 'size_t' to 'int', possible loss of data
C:\Users\Andy\source\repos\Semestralka2\structures\list\array_list.h(325): message : while compiling class template member function 'structures::Iterator<T> *structures::ArrayList<T>::getEndIterator(void) const'
          with
          [
              T=structures::TableItem<int,UzemnaJednotka *> *
          ]
C:\Users\Andy\source\repos\Semestralka2\structures\list\array_list.h(341,1): warning C4267: 'argument': conversion from 'size_t' to 'const int', possible loss of data
C:\Users\Andy\source\repos\Semestralka2\structures\list\array_list.h(334): message : while compiling class template member function 'void structures::ArrayList<structures::TableItem<K,T> *>::enlarge(void)'
          with
          [
              K=int,
              T=UzemnaJednotka *
          ]
C:\Users\Andy\source\repos\Semestralka2\structures\list\array_list.h(226): message : see reference to function template instantiation 'void structures::ArrayList<structures::TableItem<K,T> *>::enlarge(void)' being compiled
          with
          [
              K=int,
              T=UzemnaJednotka *
          ]
C:\Users\Andy\source\repos\Semestralka2\structures\list\array_list.h(143): message : while compiling class template member function 'structures::ArrayList<structures::TableItem<K,T> *>::ArrayList(void)'
          with
          [
              K=int,
              T=UzemnaJednotka *
          ]
C:\Users\Andy\source\repos\Semestralka2\structures\table\unsorted_sequence_table.h(47): message : see reference to function template instantiation 'structures::ArrayList<structures::TableItem<K,T> *>::ArrayList(void)' being compiled
          with
          [
              K=int,
              T=UzemnaJednotka *
          ]
C:\Users\Andy\source\repos\Semestralka2\structures\list\array_list.h(367,13): warning C4552: '!=': result of expression not used
C:\Users\Andy\source\repos\Semestralka2\structures\list\array_list.h(364): message : while compiling class template member function 'structures::Iterator<T> &structures::ArrayList<T>::ArrayListIterator::operator =(const structures::Iterator<T> &)'
          with
          [
              T=structures::TableItem<int,UzemnaJednotka *> *
          ]
C:\Users\Andy\source\repos\Semestralka2\structures\list\array_list.h(318): message : see reference to class template instantiation 'structures::ArrayList<structures::TableItem<K,T> *>::ArrayListIterator' being compiled
          with
          [
              K=int,
              T=UzemnaJednotka *
          ]
C:\Users\Andy\source\repos\Semestralka2\structures\list\array_list.h(316): message : while compiling class template member function 'structures::Iterator<T> *structures::ArrayList<T>::getBeginIterator(void) const'
          with
          [
              T=structures::TableItem<int,UzemnaJednotka *> *
          ]
C:\Users\Andy\source\repos\Semestralka2\structures\list\array_list.h(368,15): warning C4552: '!=': result of expression not used
  manazer_uloha_3.cpp
C:\Users\Andy\source\repos\Semestralka2\structures\table\sorting\quick_sort.h(41,1): warning C4267: 'argument': conversion from 'size_t' to 'int', possible loss of data
C:\Users\Andy\source\repos\Semestralka2\structures\table\sorting\quick_sort.h(38): message : while compiling class template member function 'void structures::QuickSort<int,UzemnaJednotka *>::sort(structures::UnsortedSequenceTable<int,UzemnaJednotka *> *,Comparator<O> *)'
          with
          [
              O=UzemnaJednotka *
          ]
C:\Users\Andy\source\repos\Semestralka2\structures\table\sorting\quick_sort.h(33): message : see reference to function template instantiation 'void structures::QuickSort<int,UzemnaJednotka *>::sort(structures::UnsortedSequenceTable<int,UzemnaJednotka *> *,Comparator<O> *)' being compiled
          with
          [
              O=UzemnaJednotka *
          ]
C:\Users\Andy\source\repos\Semestralka2\structures\table\sorting\quick_sort.h(32): message : while compiling class template member function 'void structures::QuickSort<int,UzemnaJednotka *>::sort(structures::UnsortedSequenceTable<int,UzemnaJednotka *> *)'
C:\Users\Andy\source\repos\Semestralka2\Semestralka2\manazer_uloha_3.cpp(99): message : see reference to function template instantiation 'void structures::QuickSort<int,UzemnaJednotka *>::sort(structures::UnsortedSequenceTable<int,UzemnaJednotka *> *)' being compiled
C:\Users\Andy\source\repos\Semestralka2\Semestralka2\manazer_uloha_3.cpp(96): message : see reference to class template instantiation 'structures::QuickSort<int,UzemnaJednotka *>' being compiled
C:\Users\Andy\source\repos\Semestralka2\structures\list\array_list.h(228,1): warning C4267: 'argument': conversion from 'size_t' to 'const int', possible loss of data
C:\Users\Andy\source\repos\Semestralka2\structures\list\array_list.h(222): message : while compiling class template member function 'void structures::ArrayList<structures::TableItem<K,T> *>::add(structures::TableItem<K,T> *const &)'
          with
          [
              K=int,
              T=UzemnaJednotka *
          ]
C:\Users\Andy\source\repos\Semestralka2\structures\table\unsorted_sequence_table.h(47): message : see reference to class template instantiation 'structures::ArrayList<structures::TableItem<K,T> *>' being compiled
          with
          [
              K=int,
              T=UzemnaJednotka *
          ]
C:\Users\Andy\source\repos\Semestralka2\structures\table\unsorted_sequence_table.h(46): message : while compiling class template member function 'structures::UnsortedSequenceTable<int,UzemnaJednotka *>::UnsortedSequenceTable(void)'
C:\Users\Andy\source\repos\Semestralka2\Semestralka2\filter_male_fi.h(31): message : see reference to function template instantiation 'structures::UnsortedSequenceTable<int,UzemnaJednotka *>::UnsortedSequenceTable(void)' being compiled
C:\Users\Andy\source\repos\Semestralka2\structures\table\unsorted_sequence_table.h(60): message : while compiling class template member function 'structures::Structure *structures::UnsortedSequenceTable<int,UzemnaJednotka *>::clone(void) const'
C:\Users\Andy\source\repos\Semestralka2\Semestralka2\manazer_uloha_3.cpp(25): message : see reference to class template instantiation 'structures::UnsortedSequenceTable<int,UzemnaJednotka *>' being compiled
C:\Users\Andy\source\repos\Semestralka2\structures\list\array_list.h(249,1): warning C4267: 'argument': conversion from 'size_t' to 'const int', possible loss of data
C:\Users\Andy\source\repos\Semestralka2\structures\list\array_list.h(235): message : while compiling class template member function 'void structures::ArrayList<structures::TableItem<K,T> *>::insert(structures::TableItem<K,T> *const &,const int)'
          with
          [
              K=int,
              T=UzemnaJednotka *
          ]
C:\Users\Andy\source\repos\Semestralka2\structures\list\array_list.h(262,1): warning C4267: 'argument': conversion from 'size_t' to 'const int', possible loss of data
C:\Users\Andy\source\repos\Semestralka2\structures\list\array_list.h(258): message : while compiling class template member function 'bool structures::ArrayList<structures::TableItem<K,T> *>::tryRemove(structures::TableItem<K,T> *const &)'
          with
          [
              K=int,
              T=UzemnaJednotka *
          ]
C:\Users\Andy\source\repos\Semestralka2\structures\list\array_list.h(264,1): warning C4267: 'argument': conversion from 'size_t' to 'const int', possible loss of data
C:\Users\Andy\source\repos\Semestralka2\structures\list\array_list.h(281,1): warning C4267: 'argument': conversion from 'size_t' to 'const int', possible loss of data
C:\Users\Andy\source\repos\Semestralka2\structures\list\array_list.h(274): message : while compiling class template member function 'T structures::ArrayList<T>::removeAt(const int)'
          with
          [
              T=structures::TableItem<int,UzemnaJednotka *> *
          ]
C:\Users\Andy\source\repos\Semestralka2\structures\list\array_list.h(264): message : see reference to function template instantiation 'T structures::ArrayList<T>::removeAt(const int)' being compiled
          with
          [
              T=structures::TableItem<int,UzemnaJednotka *> *
          ]
C:\Users\Andy\source\repos\Semestralka2\structures\list\array_list.h(295,1): warning C4267: 'argument': conversion from 'size_t' to 'const int', possible loss of data
C:\Users\Andy\source\repos\Semestralka2\structures\list\array_list.h(291): message : while compiling class template member function 'int structures::ArrayList<structures::TableItem<K,T> *>::getIndexOf(structures::TableItem<K,T> *const &)'
          with
          [
              K=int,
              T=UzemnaJednotka *
          ]
C:\Users\Andy\source\repos\Semestralka2\structures\list\array_list.h(297,1): warning C4267: 'return': conversion from 'size_t' to 'int', possible loss of data
C:\Users\Andy\source\repos\Semestralka2\structures\list\array_list.h(327,1): warning C4267: 'argument': conversion from 'size_t' to 'int', possible loss of data
C:\Users\Andy\source\repos\Semestralka2\structures\list\array_list.h(325): message : while compiling class template member function 'structures::Iterator<T> *structures::ArrayList<T>::getEndIterator(void) const'
          with
          [
              T=structures::TableItem<int,UzemnaJednotka *> *
          ]
C:\Users\Andy\source\repos\Semestralka2\structures\list\array_list.h(341,1): warning C4267: 'argument': conversion from 'size_t' to 'const int', possible loss of data
C:\Users\Andy\source\repos\Semestralka2\structures\list\array_list.h(334): message : while compiling class template member function 'void structures::ArrayList<structures::TableItem<K,T> *>::enlarge(void)'
          with
          [
              K=int,
              T=UzemnaJednotka *
          ]
C:\Users\Andy\source\repos\Semestralka2\structures\list\array_list.h(226): message : see reference to function template instantiation 'void structures::ArrayList<structures::TableItem<K,T> *>::enlarge(void)' being compiled
          with
          [
              K=int,
              T=UzemnaJednotka *
          ]
C:\Users\Andy\source\repos\Semestralka2\structures\list\array_list.h(143): message : while compiling class template member function 'structures::ArrayList<structures::TableItem<K,T> *>::ArrayList(void)'
          with
          [
              K=int,
              T=UzemnaJednotka *
          ]
C:\Users\Andy\source\repos\Semestralka2\structures\table\unsorted_sequence_table.h(47): message : see reference to function template instantiation 'structures::ArrayList<structures::TableItem<K,T> *>::ArrayList(void)' being compiled
          with
          [
              K=int,
              T=UzemnaJednotka *
          ]
C:\Users\Andy\source\repos\Semestralka2\structures\list\array_list.h(367,13): warning C4552: '!=': result of expression not used
C:\Users\Andy\source\repos\Semestralka2\structures\list\array_list.h(364): message : while compiling class template member function 'structures::Iterator<T> &structures::ArrayList<T>::ArrayListIterator::operator =(const structures::Iterator<T> &)'
          with
          [
              T=structures::TableItem<int,UzemnaJednotka *> *
          ]
C:\Users\Andy\source\repos\Semestralka2\structures\list\array_list.h(318): message : see reference to class template instantiation 'structures::ArrayList<structures::TableItem<K,T> *>::ArrayListIterator' being compiled
          with
          [
              K=int,
              T=UzemnaJednotka *
          ]
C:\Users\Andy\source\repos\Semestralka2\structures\list\array_list.h(316): message : while compiling class template member function 'structures::Iterator<T> *structures::ArrayList<T>::getBeginIterator(void) const'
          with
          [
              T=structures::TableItem<int,UzemnaJednotka *> *
          ]
C:\Users\Andy\source\repos\Semestralka2\structures\list\array_list.h(368,15): warning C4552: '!=': result of expression not used
  manazer_uloha_4.cpp
C:\Users\Andy\source\repos\Semestralka2\structures\table\sorting\quick_sort.h(41,1): warning C4267: 'argument': conversion from 'size_t' to 'int', possible loss of data
C:\Users\Andy\source\repos\Semestralka2\structures\table\sorting\quick_sort.h(38): message : while compiling class template member function 'void structures::QuickSort<int,UzemnaJednotka *>::sort(structures::UnsortedSequenceTable<int,O> *,Comparator<O> *)'
          with
          [
              O=UzemnaJednotka *
          ]
C:\Users\Andy\source\repos\Semestralka2\structures\table\sorting\quick_sort.h(33): message : see reference to function template instantiation 'void structures::QuickSort<int,UzemnaJednotka *>::sort(structures::UnsortedSequenceTable<int,O> *,Comparator<O> *)' being compiled
          with
          [
              O=UzemnaJednotka *
          ]
C:\Users\Andy\source\repos\Semestralka2\structures\table\sorting\quick_sort.h(32): message : while compiling class template member function 'void structures::QuickSort<int,UzemnaJednotka *>::sort(structures::UnsortedSequenceTable<int,O> *)'
          with
          [
              O=UzemnaJednotka *
          ]
C:\Users\Andy\source\repos\Semestralka2\Semestralka2\manazer_uloha_4.cpp(107): message : see reference to function template instantiation 'void structures::QuickSort<int,UzemnaJednotka *>::sort(structures::UnsortedSequenceTable<int,O> *)' being compiled
          with
          [
              O=UzemnaJednotka *
          ]
C:\Users\Andy\source\repos\Semestralka2\Semestralka2\sorter_uj.h(8): message : see reference to class template instantiation 'structures::QuickSort<int,UzemnaJednotka *>' being compiled
C:\Users\Andy\source\repos\Semestralka2\structures\list\array_list.h(228,1): warning C4267: 'argument': conversion from 'size_t' to 'const int', possible loss of data
C:\Users\Andy\source\repos\Semestralka2\structures\list\array_list.h(222): message : while compiling class template member function 'void structures::ArrayList<structures::TableItem<K,T> *>::add(structures::TableItem<K,T> *const &)'
          with
          [
              K=int,
              T=UzemnaJednotka *
          ]
C:\Users\Andy\source\repos\Semestralka2\structures\table\unsorted_sequence_table.h(47): message : see reference to class template instantiation 'structures::ArrayList<structures::TableItem<K,T> *>' being compiled
          with
          [
              K=int,
              T=UzemnaJednotka *
          ]
C:\Users\Andy\source\repos\Semestralka2\structures\table\unsorted_sequence_table.h(46): message : while compiling class template member function 'structures::UnsortedSequenceTable<int,O>::UnsortedSequenceTable(void)'
          with
          [
              O=UzemnaJednotka *
          ]
C:\Users\Andy\source\repos\Semestralka2\Semestralka2\filter_male_fi.h(31): message : see reference to function template instantiation 'structures::UnsortedSequenceTable<int,O>::UnsortedSequenceTable(void)' being compiled
          with
          [
              O=UzemnaJednotka *
          ]
C:\Users\Andy\source\repos\Semestralka2\Semestralka2\filter_male_fi.h(30): message : while compiling class template member function 'structures::UnsortedSequenceTable<int,O> *FilterMaleFi<O,std::wstring>::filtruj(structures::Table<int,O> *)'
          with
          [
              O=UzemnaJednotka *
          ]
C:\Users\Andy\source\repos\Semestralka2\Semestralka2\filter_uj_nazov.h(8): message : see reference to class template instantiation 'FilterMaleFi<UzemnaJednotka *,std::wstring>' being compiled
C:\Users\Andy\source\repos\Semestralka2\structures\list\array_list.h(249,1): warning C4267: 'argument': conversion from 'size_t' to 'const int', possible loss of data
C:\Users\Andy\source\repos\Semestralka2\structures\list\array_list.h(235): message : while compiling class template member function 'void structures::ArrayList<structures::TableItem<K,T> *>::insert(structures::TableItem<K,T> *const &,const int)'
          with
          [
              K=int,
              T=UzemnaJednotka *
          ]
C:\Users\Andy\source\repos\Semestralka2\structures\list\array_list.h(262,1): warning C4267: 'argument': conversion from 'size_t' to 'const int', possible loss of data
C:\Users\Andy\source\repos\Semestralka2\structures\list\array_list.h(258): message : while compiling class template member function 'bool structures::ArrayList<structures::TableItem<K,T> *>::tryRemove(structures::TableItem<K,T> *const &)'
          with
          [
              K=int,
              T=UzemnaJednotka *
          ]
C:\Users\Andy\source\repos\Semestralka2\structures\list\array_list.h(264,1): warning C4267: 'argument': conversion from 'size_t' to 'const int', possible loss of data
C:\Users\Andy\source\repos\Semestralka2\structures\list\array_list.h(281,1): warning C4267: 'argument': conversion from 'size_t' to 'const int', possible loss of data
C:\Users\Andy\source\repos\Semestralka2\structures\list\array_list.h(274): message : while compiling class template member function 'T structures::ArrayList<T>::removeAt(const int)'
          with
          [
              T=structures::TableItem<int,UzemnaJednotka *> *
          ]
C:\Users\Andy\source\repos\Semestralka2\structures\list\array_list.h(264): message : see reference to function template instantiation 'T structures::ArrayList<T>::removeAt(const int)' being compiled
          with
          [
              T=structures::TableItem<int,UzemnaJednotka *> *
          ]
C:\Users\Andy\source\repos\Semestralka2\structures\list\array_list.h(295,1): warning C4267: 'argument': conversion from 'size_t' to 'const int', possible loss of data
C:\Users\Andy\source\repos\Semestralka2\structures\list\array_list.h(291): message : while compiling class template member function 'int structures::ArrayList<structures::TableItem<K,T> *>::getIndexOf(structures::TableItem<K,T> *const &)'
          with
          [
              K=int,
              T=UzemnaJednotka *
          ]
C:\Users\Andy\source\repos\Semestralka2\structures\list\array_list.h(297,1): warning C4267: 'return': conversion from 'size_t' to 'int', possible loss of data
C:\Users\Andy\source\repos\Semestralka2\structures\list\array_list.h(327,1): warning C4267: 'argument': conversion from 'size_t' to 'int', possible loss of data
C:\Users\Andy\source\repos\Semestralka2\structures\list\array_list.h(325): message : while compiling class template member function 'structures::Iterator<T> *structures::ArrayList<T>::getEndIterator(void) const'
          with
          [
              T=structures::TableItem<int,UzemnaJednotka *> *
          ]
C:\Users\Andy\source\repos\Semestralka2\structures\list\array_list.h(341,1): warning C4267: 'argument': conversion from 'size_t' to 'const int', possible loss of data
C:\Users\Andy\source\repos\Semestralka2\structures\list\array_list.h(334): message : while compiling class template member function 'void structures::ArrayList<structures::TableItem<K,T> *>::enlarge(void)'
          with
          [
              K=int,
              T=UzemnaJednotka *
          ]
C:\Users\Andy\source\repos\Semestralka2\structures\list\array_list.h(226): message : see reference to function template instantiation 'void structures::ArrayList<structures::TableItem<K,T> *>::enlarge(void)' being compiled
          with
          [
              K=int,
              T=UzemnaJednotka *
          ]
C:\Users\Andy\source\repos\Semestralka2\structures\list\array_list.h(143): message : while compiling class template member function 'structures::ArrayList<structures::TableItem<K,T> *>::ArrayList(void)'
          with
          [
              K=int,
              T=UzemnaJednotka *
          ]
C:\Users\Andy\source\repos\Semestralka2\structures\table\unsorted_sequence_table.h(47): message : see reference to function template instantiation 'structures::ArrayList<structures::TableItem<K,T> *>::ArrayList(void)' being compiled
          with
          [
              K=int,
              T=UzemnaJednotka *
          ]
C:\Users\Andy\source\repos\Semestralka2\structures\list\array_list.h(367,13): warning C4552: '!=': result of expression not used
C:\Users\Andy\source\repos\Semestralka2\structures\list\array_list.h(364): message : while compiling class template member function 'structures::Iterator<T> &structures::ArrayList<T>::ArrayListIterator::operator =(const structures::Iterator<T> &)'
          with
          [
              T=structures::TableItem<int,UzemnaJednotka *> *
          ]
C:\Users\Andy\source\repos\Semestralka2\structures\list\array_list.h(318): message : see reference to class template instantiation 'structures::ArrayList<structures::TableItem<K,T> *>::ArrayListIterator' being compiled
          with
          [
              K=int,
              T=UzemnaJednotka *
          ]
C:\Users\Andy\source\repos\Semestralka2\structures\list\array_list.h(316): message : while compiling class template member function 'structures::Iterator<T> *structures::ArrayList<T>::getBeginIterator(void) const'
          with
          [
              T=structures::TableItem<int,UzemnaJednotka *> *
          ]
C:\Users\Andy\source\repos\Semestralka2\structures\list\array_list.h(368,15): warning C4552: '!=': result of expression not used
  Generating Code...
C:\Users\Andy\source\repos\Semestralka2\structures\table\sequence_table.h(219): warning C4715: 'structures::SequenceTable<int,UzemnaJednotka *>::remove': not all control paths return a value
C:\Users\Andy\source\repos\Semestralka2\structures\table\sequence_table.h(219): warning C4715: 'structures::SequenceTable<int,UzemnaJednotka *>::remove': not all control paths return a value
  Semestralka2.vcxproj -> C:\Users\Andy\source\repos\Semestralka2\x64\Debug\Semestralka2.exe
