c:\users\andy\source\repos\semestralka2\semestralka2\x64\debug\vc142.pdb
c:\users\andy\source\repos\semestralka2\semestralka2\x64\debug\vc142.idb
c:\users\andy\source\repos\semestralka2\semestralka2\x64\debug\uzemna_jednotka.obj
c:\users\andy\source\repos\semestralka2\semestralka2\x64\debug\politicka_strana.obj
c:\users\andy\source\repos\semestralka2\semestralka2\x64\debug\manazer_uloha_4.obj
c:\users\andy\source\repos\semestralka2\semestralka2\x64\debug\manazer_uloha_3.obj
c:\users\andy\source\repos\semestralka2\semestralka2\x64\debug\main.obj
c:\users\andy\source\repos\semestralka2\semestralka2\x64\debug\kriterium_k_prislusnost.obj
c:\users\andy\source\repos\semestralka2\semestralka2\x64\debug\kandidat.obj
c:\users\andy\source\repos\semestralka2\semestralka2\x64\debug\citac_uj.obj
c:\users\andy\source\repos\semestralka2\semestralka2\x64\debug\citac_ps.obj
c:\users\andy\source\repos\semestralka2\semestralka2\x64\debug\citac_param_filter_uj.obj
c:\users\andy\source\repos\semestralka2\semestralka2\x64\debug\citac_k.obj
c:\users\andy\source\repos\semestralka2\semestralka2\x64\debug\app.obj
c:\users\andy\source\repos\semestralka2\semestralka2\x64\debug\vector.obj
c:\users\andy\source\repos\semestralka2\semestralka2\x64\debug\sort.obj
c:\users\andy\source\repos\semestralka2\semestralka2\x64\debug\structure.obj
c:\users\andy\source\repos\semestralka2\semestralka2\x64\debug\memory_routines.obj
c:\users\andy\source\repos\semestralka2\semestralka2\x64\debug\ds_routines.obj
c:\users\andy\source\repos\semestralka2\semestralka2\x64\debug\manazer_uloha_5.obj
c:\users\andy\source\repos\semestralka2\semestralka2\x64\debug\citac_param_filter_ps.obj
c:\users\andy\source\repos\semestralka2\x64\debug\semestralka2.exe
c:\users\andy\source\repos\semestralka2\x64\debug\semestralka2.ilk
c:\users\andy\source\repos\semestralka2\x64\debug\semestralka2.pdb
c:\users\andy\source\repos\semestralka2\semestralka2\x64\debug\semestralka2.tlog\cl.command.1.tlog
c:\users\andy\source\repos\semestralka2\semestralka2\x64\debug\semestralka2.tlog\cl.read.1.tlog
c:\users\andy\source\repos\semestralka2\semestralka2\x64\debug\semestralka2.tlog\cl.write.1.tlog
c:\users\andy\source\repos\semestralka2\semestralka2\x64\debug\semestralka2.tlog\link.command.1.tlog
c:\users\andy\source\repos\semestralka2\semestralka2\x64\debug\semestralka2.tlog\link.read.1.tlog
c:\users\andy\source\repos\semestralka2\semestralka2\x64\debug\semestralka2.tlog\link.write.1.tlog
