c:\users\andy\source\repos\semestralka2\semestralka2\debug\vc142.pdb
c:\users\andy\source\repos\semestralka2\semestralka2\debug\vc142.idb
c:\users\andy\source\repos\semestralka2\semestralka2\debug\uzemna_jednotka.obj
c:\users\andy\source\repos\semestralka2\semestralka2\debug\politicka_strana.obj
c:\users\andy\source\repos\semestralka2\semestralka2\debug\manazer_uloha_4.obj
c:\users\andy\source\repos\semestralka2\semestralka2\debug\manazer_uloha_3.obj
c:\users\andy\source\repos\semestralka2\semestralka2\debug\main.obj
c:\users\andy\source\repos\semestralka2\semestralka2\debug\kriterium_k_prislusnost.obj
c:\users\andy\source\repos\semestralka2\semestralka2\debug\kandidat.obj
c:\users\andy\source\repos\semestralka2\semestralka2\debug\citac_uj.obj
c:\users\andy\source\repos\semestralka2\semestralka2\debug\citac_ps.obj
c:\users\andy\source\repos\semestralka2\semestralka2\debug\citac_param.obj
c:\users\andy\source\repos\semestralka2\semestralka2\debug\citac_k.obj
c:\users\andy\source\repos\semestralka2\semestralka2\debug\app.obj
c:\users\andy\source\repos\semestralka2\semestralka2\debug\vector.obj
c:\users\andy\source\repos\semestralka2\semestralka2\debug\sort.obj
c:\users\andy\source\repos\semestralka2\semestralka2\debug\structure.obj
c:\users\andy\source\repos\semestralka2\semestralka2\debug\memory_routines.obj
c:\users\andy\source\repos\semestralka2\semestralka2\debug\ds_routines.obj
c:\users\andy\source\repos\semestralka2\semestralka2\debug\manazer_uloha_5.obj
c:\users\andy\source\repos\semestralka2\semestralka2\debug\citac_param_filter_uj.obj
c:\users\andy\source\repos\semestralka2\semestralka2\debug\citac_param_filter_ps.obj
c:\users\andy\source\repos\semestralka2\semestralka2\debug\manazer_uloha_6.obj
c:\users\andy\source\repos\semestralka2\semestralka2\debug\manazer_uloha_8.obj
c:\users\andy\source\repos\semestralka2\semestralka2\debug\manazer_uloha_7.obj
c:\users\andy\source\repos\semestralka2\semestralka2\debug\manazer_uloha_9.obj
c:\users\andy\source\repos\semestralka2\semestralka2\debug\citac_param_filter_k.obj
c:\users\andy\source\repos\semestralka2\semestralka2\debug\manazer_uloha_10.obj
c:\users\andy\source\repos\semestralka2\debug\semestralka2.exe
c:\users\andy\source\repos\semestralka2\debug\semestralka2.ilk
c:\users\andy\source\repos\semestralka2\debug\semestralka2.pdb
c:\users\andy\source\repos\semestralka2\semestralka2\debug\app.new.obj.enc
c:\users\andy\source\repos\semestralka2\semestralka2\debug\citac_k.new.obj.enc
c:\users\andy\source\repos\semestralka2\semestralka2\debug\kandidat.new.obj.enc
c:\users\andy\source\repos\semestralka2\semestralka2\debug\manazer_uloha_3.new.obj.enc
c:\users\andy\source\repos\semestralka2\semestralka2\debug\manazer_uloha_8.obj.enc
c:\users\andy\source\repos\semestralka2\semestralka2\debug\semestralka2.tlog\cl.command.1.tlog
c:\users\andy\source\repos\semestralka2\semestralka2\debug\semestralka2.tlog\cl.read.1.tlog
c:\users\andy\source\repos\semestralka2\semestralka2\debug\semestralka2.tlog\cl.write.1.tlog
c:\users\andy\source\repos\semestralka2\semestralka2\debug\semestralka2.tlog\link.command.1.tlog
c:\users\andy\source\repos\semestralka2\semestralka2\debug\semestralka2.tlog\link.read.1.tlog
c:\users\andy\source\repos\semestralka2\semestralka2\debug\semestralka2.tlog\link.write.1.tlog
